optseq2
$Id: optseq2.c,v 2.22 2011/04/21 19:48:51 greve Exp $
NoSearch  = 0
nSearch  = 1000
nKeep    = 10
PctUpdate  = 10.000000
nCB1Opt  = 0
seed     = 779022
Ntp  = 440
TR   = 1
TPreScan   = 0
PSD Window   = 0 20 1
nEvTypes = 10
EvNo    Label Duration nRepsNom
 1      Cond1  4.000    4
 2      Cond2  4.000    4
 3      Cond3  4.000    4
 4      Cond4  4.000    4
 5      Cond5  4.000    4
 6      Cond6  4.000    4
 7      Cond7  4.000    4
 8      Cond8  4.000    4
 9      Cond9  4.000    4
10     Cond10  4.000    4
PctVarEvReps = 0
VarEvRepsPerCond = 0
PolyOrder = -1
tNullMax = 17
tNullMin = 6
AR1 = 0
No refractory penalty
Cost = eff
OutStem = PAR
Summary File = PAR.sum

Pct nSrch MinSrch Cost Eff Cb1Err VRFAvg VRFStd VRFMin VRFMax VRFRange nSince

BeginUpdateLog
 0       1     0.0   0.012466  0.012466  1.2950  2.55688  0.413434  1.85472  4  2.14528 1555.05 0
 1      11     0.0   0.0135291  0.0135291  1.2750  2.73766  0.296627  1.93892  3.67444  1.73551 1550.38 0
 1      11     0.0   0.0135291  0.0135291  1.2750  2.73766  0.296627  1.93892  3.67444  1.73551 1550.38 0
 1      12     0.0   0.0135291  0.0135291  1.2750  2.73766  0.296627  1.93892  3.67444  1.73551 1550.38 0
 1      12     0.0   0.0135291  0.0135291  1.2750  2.73766  0.296627  1.93892  3.67444  1.73551 1550.38 0
 1      13     0.0   0.0135291  0.0135291  1.2750  2.73766  0.296627  1.93892  3.67444  1.73551 1550.38 0
 1      13     0.0   0.0135291  0.0135291  1.2750  2.73766  0.296627  1.93892  3.67444  1.73551 1550.38 0
 1      15     0.0   0.0135291  0.0135291  1.2750  2.73766  0.296627  1.93892  3.67444  1.73551 1550.38 1
 1      15     0.0   0.0135291  0.0135291  1.2750  2.73766  0.296627  1.93892  3.67444  1.73551 1550.38 0
 1      17     0.0   0.0135291  0.0135291  1.2750  2.73766  0.296627  1.93892  3.67444  1.73551 1550.38 1
 1      17     0.0   0.0135291  0.0135291  1.2750  2.73766  0.296627  1.93892  3.67444  1.73551 1550.38 0
 1      19     0.0   0.0135291  0.0135291  1.2750  2.73766  0.296627  1.93892  3.67444  1.73551 1550.38 1
 1      19     0.0   0.0135291  0.0135291  1.2750  2.73766  0.296627  1.93892  3.67444  1.73551 1550.38 0
 2      21     0.0   0.0135291  0.0135291  1.2750  2.73766  0.296627  1.93892  3.67444  1.73551 1550.38 1
 2      21     0.0   0.0135291  0.0135291  1.2750  2.73766  0.296627  1.93892  3.67444  1.73551 1550.38 0
 2      22     0.0   0.0135291  0.0135291  1.2750  2.73766  0.296627  1.93892  3.67444  1.73551 1550.38 0
 2      22     0.0   0.0135291  0.0135291  1.2750  2.73766  0.296627  1.93892  3.67444  1.73551 1550.38 0
 2      24     0.0   0.0135291  0.0135291  1.2750  2.73766  0.296627  1.93892  3.67444  1.73551 1550.38 1
 2      24     0.0   0.0135291  0.0135291  1.2750  2.73766  0.296627  1.93892  3.67444  1.73551 1550.38 0
 2      25     0.0   0.0135291  0.0135291  1.2750  2.73766  0.296627  1.93892  3.67444  1.73551 1550.38 0
 2      25     0.0   0.0135291  0.0135291  1.2750  2.73766  0.296627  1.93892  3.67444  1.73551 1550.38 0
 2      26     0.0   0.0135291  0.0135291  1.2750  2.73766  0.296627  1.93892  3.67444  1.73551 1550.38 0
 2      26     0.0   0.0135291  0.0135291  1.2750  2.73766  0.296627  1.93892  3.67444  1.73551 1550.38 0
 2      27     0.0   0.0135291  0.0135291  1.2750  2.73766  0.296627  1.93892  3.67444  1.73551 1550.38 0
 2      27     0.0   0.0135291  0.0135291  1.2750  2.73766  0.296627  1.93892  3.67444  1.73551 1550.38 0
 2      29     0.0   0.0135291  0.0135291  1.2750  2.73766  0.296627  1.93892  3.67444  1.73551 1550.38 1
 2      29     0.0   0.0135291  0.0135291  1.2750  2.73766  0.296627  1.93892  3.67444  1.73551 1550.38 0
 3      36     0.1   0.0135291  0.0135291  1.2750  2.73766  0.296627  1.93892  3.67444  1.73551 1550.38 6
 3      36     0.1   0.0135291  0.0135291  1.2750  2.73766  0.296627  1.93892  3.67444  1.73551 1550.38 0
 3      38     0.1   0.0135291  0.0135291  1.2750  2.73766  0.296627  1.93892  3.67444  1.73551 1550.38 1
 3      38     0.1   0.0135291  0.0135291  1.2750  2.73766  0.296627  1.93892  3.67444  1.73551 1550.38 0
 4      48     0.1   0.0135291  0.0135291  1.2750  2.73766  0.296627  1.93892  3.67444  1.73551 1550.38 9
 4      48     0.1   0.0135291  0.0135291  1.2750  2.73766  0.296627  1.93892  3.67444  1.73551 1550.38 0
 4      49     0.1   0.0135291  0.0135291  1.2750  2.73766  0.296627  1.93892  3.67444  1.73551 1550.38 0
 4      49     0.1   0.0135291  0.0135291  1.2750  2.73766  0.296627  1.93892  3.67444  1.73551 1550.38 0
 4      50     0.1   0.0135291  0.0135291  1.2750  2.73766  0.296627  1.93892  3.67444  1.73551 1550.38 0
 4      50     0.1   0.0135291  0.0135291  1.2750  2.73766  0.296627  1.93892  3.67444  1.73551 1550.38 0
 5      51     0.1   0.0135291  0.0135291  1.2750  2.73766  0.296627  1.93892  3.67444  1.73551 1550.38 0
 5      51     0.1   0.0135291  0.0135291  1.2750  2.73766  0.296627  1.93892  3.67444  1.73551 1550.38 0
 5      52     0.1   0.0135291  0.0135291  1.2750  2.73766  0.296627  1.93892  3.67444  1.73551 1550.38 0
 5      52     0.1   0.0135291  0.0135291  1.2750  2.73766  0.296627  1.93892  3.67444  1.73551 1550.38 0
 6      61     0.1   0.0135291  0.0135291  1.2750  2.73766  0.296627  1.93892  3.67444  1.73551 1550.38 8
 6      61     0.1   0.0135291  0.0135291  1.2750  2.73766  0.296627  1.93892  3.67444  1.73551 1550.38 0
 6      68     0.1   0.0135291  0.0135291  1.2750  2.73766  0.296627  1.93892  3.67444  1.73551 1550.38 6
 6      68     0.1   0.0135291  0.0135291  1.2750  2.73766  0.296627  1.93892  3.67444  1.73551 1550.38 0
 7      72     0.1   0.0135291  0.0135291  1.2750  2.73766  0.296627  1.93892  3.67444  1.73551 1550.38 3
 7      72     0.1   0.0135291  0.0135291  1.2750  2.73766  0.296627  1.93892  3.67444  1.73551 1550.38 0
 7      74     0.1   0.0135291  0.0135291  1.2750  2.73766  0.296627  1.93892  3.67444  1.73551 1550.38 1
 7      74     0.1   0.0135291  0.0135291  1.2750  2.73766  0.296627  1.93892  3.67444  1.73551 1550.38 0
 7      79     0.1   0.0135291  0.0135291  1.2750  2.73766  0.296627  1.93892  3.67444  1.73551 1550.38 4
 7      79     0.1   0.0135401  0.0135401  1.1950  2.73848  0.288078  1.92554  4  2.07446 1554 0
 8      83     0.1   0.0135401  0.0135401  1.1950  2.73848  0.288078  1.92554  4  2.07446 1554 3
 8      83     0.1   0.0135401  0.0135401  1.1950  2.73848  0.288078  1.92554  4  2.07446 1554 0
 9      93     0.1   0.0135401  0.0135401  1.1950  2.73848  0.288078  1.92554  4  2.07446 1554 9
 9      93     0.1   0.0135401  0.0135401  1.1950  2.73848  0.288078  1.92554  4  2.07446 1554 0
 9      99     0.1   0.0135401  0.0135401  1.1950  2.73848  0.288078  1.92554  4  2.07446 1554 5
 9      99     0.1   0.0135401  0.0135401  1.1950  2.73848  0.288078  1.92554  4  2.07446 1554 0
10     103     0.1   0.0135401  0.0135401  1.1950  2.73848  0.288078  1.92554  4  2.07446 1554 3
10     103     0.1   0.0135401  0.0135401  1.1950  2.73848  0.288078  1.92554  4  2.07446 1554 0
11     110     0.1   0.0135401  0.0135401  1.1950  2.73848  0.288078  1.92554  4  2.07446 1554 7
11     120     0.1   0.0135401  0.0135401  1.1950  2.73848  0.288078  1.92554  4  2.07446 1554 16
11     120     0.1   0.0135401  0.0135401  1.1950  2.73848  0.288078  1.92554  4  2.07446 1554 0
12     122     0.1   0.0135401  0.0135401  1.1950  2.73848  0.288078  1.92554  4  2.07446 1554 1
12     122     0.1   0.0135401  0.0135401  1.1950  2.73848  0.288078  1.92554  4  2.07446 1554 0
12     129     0.1   0.0135401  0.0135401  1.1950  2.73848  0.288078  1.92554  4  2.07446 1554 6
12     129     0.1   0.0135401  0.0135401  1.1950  2.73848  0.288078  1.92554  4  2.07446 1554 0
13     135     0.2   0.0135401  0.0135401  1.1950  2.73848  0.288078  1.92554  4  2.07446 1554 5
13     135     0.2   0.0135401  0.0135401  1.1950  2.73848  0.288078  1.92554  4  2.07446 1554 0
15     152     0.2   0.0135401  0.0135401  1.1950  2.73848  0.288078  1.92554  4  2.07446 1554 16
15     152     0.2   0.0135401  0.0135401  1.1950  2.73848  0.288078  1.92554  4  2.07446 1554 0
15     153     0.2   0.0135401  0.0135401  1.1950  2.73848  0.288078  1.92554  4  2.07446 1554 0
15     153     0.2   0.0135401  0.0135401  1.1950  2.73848  0.288078  1.92554  4  2.07446 1554 0
16     167     0.2   0.0135401  0.0135401  1.1950  2.73848  0.288078  1.92554  4  2.07446 1554 13
16     167     0.2   0.0135401  0.0135401  1.1950  2.73848  0.288078  1.92554  4  2.07446 1554 0
19     192     0.2   0.0135401  0.0135401  1.1950  2.73848  0.288078  1.92554  4  2.07446 1554 24
19     192     0.2   0.0135401  0.0135401  1.1950  2.73848  0.288078  1.92554  4  2.07446 1554 0
19     200     0.2   0.0135401  0.0135401  1.1950  2.73848  0.288078  1.92554  4  2.07446 1554 7
19     200     0.2   0.0135401  0.0135401  1.1950  2.73848  0.288078  1.92554  4  2.07446 1554 0
20     208     0.2   0.0135401  0.0135401  1.1950  2.73848  0.288078  1.92554  4  2.07446 1554 7
20     208     0.2   0.0135401  0.0135401  1.1950  2.73848  0.288078  1.92554  4  2.07446 1554 0
20     209     0.2   0.0135401  0.0135401  1.1950  2.73848  0.288078  1.92554  4  2.07446 1554 0
20     209     0.2   0.0135401  0.0135401  1.1950  2.73848  0.288078  1.92554  4  2.07446 1554 0
22     220     0.2   0.0135401  0.0135401  1.1950  2.73848  0.288078  1.92554  4  2.07446 1554 11
26     269     0.3   0.0135401  0.0135401  1.1950  2.73848  0.288078  1.92554  4  2.07446 1554 59
26     269     0.3   0.0135401  0.0135401  1.1950  2.73848  0.288078  1.92554  4  2.07446 1554 0
33     330     0.4   0.0135401  0.0135401  1.1950  2.73848  0.288078  1.92554  4  2.07446 1554 61
35     354     0.4   0.0135401  0.0135401  1.1950  2.73848  0.288078  1.92554  4  2.07446 1554 84
35     354     0.4   0.0135401  0.0135401  1.1950  2.73848  0.288078  1.92554  4  2.07446 1554 0
36     362     0.4   0.0135401  0.0135401  1.1950  2.73848  0.288078  1.92554  4  2.07446 1554 7
36     362     0.4   0.0135401  0.0135401  1.1950  2.73848  0.288078  1.92554  4  2.07446 1554 0
40     405     0.4   0.0135401  0.0135401  1.1950  2.73848  0.288078  1.92554  4  2.07446 1554 42
40     405     0.4   0.0135401  0.0135401  1.1950  2.73848  0.288078  1.92554  4  2.07446 1554 0
44     440     0.5   0.0135401  0.0135401  1.1950  2.73848  0.288078  1.92554  4  2.07446 1554 35
46     461     0.5   0.0135401  0.0135401  1.1950  2.73848  0.288078  1.92554  4  2.07446 1554 55
46     461     0.5   0.0135401  0.0135401  1.1950  2.73848  0.288078  1.92554  4  2.07446 1554 0
49     499     0.5   0.0135401  0.0135401  1.1950  2.73848  0.288078  1.92554  4  2.07446 1554 37
49     499     0.5   0.0135401  0.0135401  1.1950  2.73848  0.288078  1.92554  4  2.07446 1554 0
55     550     0.6   0.0135401  0.0135401  1.1950  2.73848  0.288078  1.92554  4  2.07446 1554 51
66     660     0.7   0.0135401  0.0135401  1.1950  2.73848  0.288078  1.92554  4  2.07446 1554 161
77     770     0.8   0.0135401  0.0135401  1.1950  2.73848  0.288078  1.92554  4  2.07446 1554 271
81     818     0.9   0.0135401  0.0135401  1.1950  2.73848  0.288078  1.92554  4  2.07446 1554 318
81     818     0.9   0.0135401  0.0135401  1.1950  2.73848  0.288078  1.92554  4  2.07446 1554 0
88     880     1.0   0.0135401  0.0135401  1.1950  2.73848  0.288078  1.92554  4  2.07446 1554 62
99     990     1.1   0.0135401  0.0135401  1.1950  2.73848  0.288078  1.92554  4  2.07446 1554 172
100    1000     1.1   0.0135401  0.0135401  1.1950  2.73848  0.288078  1.92554  4  2.07446 1554 182
EndUpdateLog

Done
